[INFO] {"timestamp":"2025-11-25T11:21:27.578Z","ip":"::1","method":"GET","url":"/api/users","status":304,"size":0,"duration":"7ms","body":{}}
[INFO] {"timestamp":"2025-11-25T11:21:28.474Z","ip":"::1","method":"GET","url":"/api/users/2","status":304,"size":0,"duration":"1ms","body":{}}
[INFO] {"timestamp":"2025-11-25T11:21:52.011Z","ip":"::1","method":"POST","url":"/api/users","status":201,"size":"62","duration":"2ms","body":{"name":"Parth","email":"u1892911@gmail.com","role":""}}
[INFO] {"timestamp":"2025-11-25T11:21:52.030Z","ip":"::1","method":"GET","url":"/api/users","status":200,"size":"390","duration":"2ms","body":{}}
[INFO] {"timestamp":"2025-11-25T11:21:55.084Z","ip":"::1","method":"GET","url":"/api/users/5","status":304,"size":0,"duration":"8ms","body":{}}
[INFO] {"timestamp":"2025-11-25T11:21:56.296Z","ip":"::1","method":"GET","url":"/api/users/5","status":304,"size":0,"duration":"1ms","body":{}}
[INFO] {"timestamp":"2025-11-25T11:21:58.915Z","ip":"::1","method":"DELETE","url":"/api/users/5","status":200,"size":"39","duration":"4ms","body":{}}
[INFO] {"timestamp":"2025-11-25T11:21:58.932Z","ip":"::1","method":"GET","url":"/api/users","status":200,"size":"325","duration":"1ms","body":{}}
[INFO] {"timestamp":"2025-11-25T11:23:25.747Z","ip":"::1","method":"GET","url":"/api/users/3","status":304,"size":0,"duration":"6ms","body":{}}
[INFO] {"timestamp":"2025-11-25T11:23:30.485Z","ip":"::1","method":"GET","url":"/api/users/3","status":304,"size":0,"duration":"2ms","body":{}}
[INFO] {"timestamp":"2025-11-25T11:23:57.341Z","ip":"::1","method":"PATCH","url":"/api/users/3","status":200,"size":"86","duration":"3ms","body":{"name":"Solo Codercxvzvcxzx ","email":"john.doe@example.com","role":"patient"}}
[INFO] {"timestamp":"2025-11-25T11:23:57.367Z","ip":"::1","method":"GET","url":"/api/users/3","status":200,"size":"86","duration":"1ms","body":{}}
[INFO] {"timestamp":"2025-11-25T11:24:05.546Z","ip":"::1","method":"GET","url":"/api/users/3","status":304,"size":0,"duration":"8ms","body":{}}
[INFO] {"timestamp":"2025-11-25T11:24:06.909Z","ip":"::1","method":"PATCH","url":"/api/users/3","status":200,"size":"86","duration":"2ms","body":{"name":"Solo Codercxvzvcxzx ","email":"john.doe@example.com","role":"patient"}}
[INFO] {"timestamp":"2025-11-25T11:24:06.935Z","ip":"::1","method":"GET","url":"/api/users/3","status":200,"size":"86","duration":"1ms","body":{}}
[INFO] {"timestamp":"2025-11-25T11:24:13.896Z","ip":"::1","method":"GET","url":"/api/users/3","status":304,"size":0,"duration":"8ms","body":{}}
[INFO] {"timestamp":"2025-11-25T11:24:21.511Z","ip":"::1","method":"PATCH","url":"/api/users/3","status":200,"size":"70","duration":"2ms","body":{"name":"Solo","email":"john.doe@example.com","role":"patient"}}
[INFO] {"timestamp":"2025-11-25T11:24:21.536Z","ip":"::1","method":"GET","url":"/api/users/3","status":200,"size":"70","duration":"1ms","body":{}}
[ERROR] {"timestamp":"2025-11-25T11:25:32.028Z","ip":"::1","method":"GET","url":"/api/users/65565","status":404,"size":"28","duration":"8ms","body":{}}
[ERROR] {"timestamp":"2025-11-25T12:43:56.985Z","ip":"::1","method":"GET","url":"/api/users/65565","status":404,"size":"28","duration":"1ms","body":{}}
[INFO] {"timestamp":"2025-11-25T12:44:25.563Z","ip":"::1","method":"GET","url":"/api/users/1","status":200,"size":"53","duration":"2ms","body":{}}
[INFO] {"timestamp":"2025-11-25T12:44:27.313Z","ip":"::1","method":"GET","url":"/api/users","status":200,"size":"319","duration":"3ms","body":{}}
[INFO] {"timestamp":"2025-11-25T12:44:42.361Z","ip":"::1","method":"GET","url":"/api/users/4","status":200,"size":"67","duration":"1ms","body":{}}
[INFO] {"timestamp":"2025-11-25T12:53:21.085Z","ip":"::1","method":"GET","url":"/api/users/5","status":200,"size":"62","duration":"1ms","body":{}}
[INFO] {"timestamp":"2025-11-25T12:58:54.499Z","ip":"::1","method":"GET","url":"/api/users","status":304,"size":0,"duration":"23ms","body":{}}
[INFO] {"timestamp":"2025-11-25T13:04:41.591Z","ip":"::1","method":"GET","url":"/api/users","status":304,"size":0,"duration":"1ms","body":{}}
[INFO] {"timestamp":"2025-11-25T13:05:44.148Z","ip":"::1","method":"GET","url":"/api/users/2","status":304,"size":0,"duration":"9ms","body":{}}
[INFO] {"timestamp":"2025-11-25T13:05:45.734Z","ip":"::1","method":"GET","url":"/api/users/2","status":304,"size":0,"duration":"1ms","body":{}}
[INFO] {"timestamp":"2025-11-25T13:05:55.484Z","ip":"::1","method":"PATCH","url":"/api/users/2","status":200,"size":"77","duration":"10ms","body":{"name":"Jane Patidar","email":"jane.smith@example.com","role":"User"}}
[INFO] {"timestamp":"2025-11-25T13:05:55.639Z","ip":"::1","method":"GET","url":"/api/users/2","status":200,"size":"77","duration":"2ms","body":{}}
[INFO] {"timestamp":"2025-11-25T13:17:06.677Z","ip":"::1","method":"GET","url":"/api/users/2","status":304,"size":0,"duration":"25ms","body":{}}
[INFO] {"timestamp":"2025-11-25T13:17:13.385Z","ip":"::1","method":"PATCH","url":"/api/users/2","status":200,"size":"71","duration":"2ms","body":{"name":"Jane Patidar","email":"jane.smith@e.com","role":"User"}}
[INFO] {"timestamp":"2025-11-25T13:17:13.584Z","ip":"::1","method":"GET","url":"/api/users/2","status":200,"size":"71","duration":"2ms","body":{}}
[INFO] {"timestamp":"2025-11-25T13:43:01.996Z","ip":"::1","method":"GET","url":"/api/users/2","status":304,"size":0,"duration":"64ms","body":{}}
[INFO] {"timestamp":"2025-11-25T13:43:03.341Z","ip":"::1","method":"PATCH","url":"/api/users/2","status":200,"size":"71","duration":"4ms","body":{"name":"Jane Patidar","email":"jane.smith@e.com","role":"User"}}
[INFO] {"timestamp":"2025-11-25T13:43:03.514Z","ip":"::1","method":"GET","url":"/api/users/2","status":200,"size":"71","duration":"2ms","body":{}}
[INFO] {"timestamp":"2025-11-25T13:43:11.958Z","ip":"::1","method":"GET","url":"/api/users","status":200,"size":"329","duration":"10ms","body":{}}
[INFO] {"timestamp":"2025-11-25T13:44:12.801Z","ip":"::1","method":"POST","url":"/api/users","status":201,"size":"76","duration":"2ms","body":{"name":"NothingUser_1","email":"nothing@gmail.com","role":"Nothing"}}
[INFO] {"timestamp":"2025-11-25T13:44:13.009Z","ip":"::1","method":"GET","url":"/api/users","status":200,"size":"406","duration":"1ms","body":{}}
[INFO] {"timestamp":"2025-11-25T13:44:19.667Z","ip":"::1","method":"GET","url":"/api/users/6","status":200,"size":"76","duration":"8ms","body":{}}
[INFO] {"timestamp":"2025-11-25T13:44:24.263Z","ip":"::1","method":"GET","url":"/api/users/6","status":304,"size":0,"duration":"1ms","body":{}}
[INFO] {"timestamp":"2025-11-25T13:44:37.807Z","ip":"::1","method":"GET","url":"/api/users","status":304,"size":0,"duration":"1ms","body":{}}
[INFO] {"timestamp":"2025-11-25T13:44:39.415Z","ip":"::1","method":"GET","url":"/api/users/1","status":304,"size":0,"duration":"1ms","body":{}}
[INFO] {"timestamp":"2025-11-25T13:44:40.665Z","ip":"::1","method":"GET","url":"/api/users/1","status":304,"size":0,"duration":"1ms","body":{}}
[INFO] {"timestamp":"2025-11-25T13:44:41.810Z","ip":"::1","method":"DELETE","url":"/api/users/1","status":200,"size":"39","duration":"2ms","body":{}}
[INFO] {"timestamp":"2025-11-25T13:44:42.009Z","ip":"::1","method":"GET","url":"/api/users","status":200,"size":"352","duration":"1ms","body":{}}
[INFO] {"timestamp":"2025-11-25T13:45:44.941Z","ip":"::1","method":"POST","url":"/api/users","status":201,"size":"74","duration":"5ms","body":{"name":"Realme_redcap","email":"Realme@gmail.com","role":"Realme"}}
[INFO] {"timestamp":"2025-11-25T13:45:45.150Z","ip":"::1","method":"GET","url":"/api/users","status":200,"size":"427","duration":"1ms","body":{}}
[INFO] {"timestamp":"2025-11-25T13:46:12.425Z","ip":"::1","method":"GET","url":"/api/users/1","status":200,"size":"71","duration":"9ms","body":{}}
[INFO] {"timestamp":"2025-11-25T13:46:13.581Z","ip":"::1","method":"GET","url":"/api/users/1","status":304,"size":0,"duration":"2ms","body":{}}
[INFO] {"timestamp":"2025-11-25T13:46:15.708Z","ip":"::1","method":"DELETE","url":"/api/users/1","status":200,"size":"39","duration":"2ms","body":{}}
[INFO] {"timestamp":"2025-11-25T13:46:15.915Z","ip":"::1","method":"GET","url":"/api/users","status":200,"size":"355","duration":"1ms","body":{}}
[INFO] {"timestamp":"2025-11-25T13:56:56.731Z","ip":"::1","method":"GET","url":"/api/users","status":304,"size":0,"duration":"6ms","body":{}}
[INFO] {"timestamp":"2025-11-25T13:56:57.853Z","ip":"::1","method":"GET","url":"/api/users","status":304,"size":0,"duration":"2ms","body":{}}
[INFO] {"timestamp":"2025-11-25T13:57:31.278Z","ip":"::1","method":"POST","url":"/api/auth/register","status":201,"size":"287","duration":"103ms","body":{"name":"Parth","email":"john.doe@mple.com","password":"12345"}}
[INFO] {"timestamp":"2025-11-25T13:57:31.346Z","ip":"::1","method":"GET","url":"/api/users","status":200,"size":"481","duration":"0ms","body":{}}
[INFO] {"timestamp":"2025-11-25T13:58:27.632Z","ip":"::1","method":"GET","url":"/api/users","status":304,"size":0,"duration":"2ms","body":{}}
[INFO] {"timestamp":"2025-11-25T14:00:54.723Z","ip":"::1","method":"POST","url":"/api/auth/register","status":201,"size":"293","duration":"91ms","body":{"name":"Solo Coderr","email":"1892911@gmail.com","password":"123"}}
[INFO] {"timestamp":"2025-11-25T14:00:54.762Z","ip":"::1","method":"GET","url":"/api/users","status":200,"size":"613","duration":"1ms","body":{}}
[INFO] {"timestamp":"2025-11-25T14:01:12.086Z","ip":"::1","method":"POST","url":"/api/auth/login","status":200,"size":"281","duration":"99ms","body":{"email":"1892911@gmail.com","password":"123"}}
[INFO] {"timestamp":"2025-11-25T14:01:12.109Z","ip":"::1","method":"GET","url":"/api/users","status":304,"size":0,"duration":"1ms","body":{}}
[INFO] {"timestamp":"2025-11-25T14:05:19.142Z","ip":"::1","method":"POST","url":"/api/auth/register","status":201,"size":"313","duration":"92ms","body":{"name":"Solo Codereee","email":"parth11.patidar@gmail.com","password":"7988977"}}
[INFO] {"timestamp":"2025-11-25T14:05:19.169Z","ip":"::1","method":"GET","url":"/api/users","status":200,"size":"755","duration":"1ms","body":{}}
[INFO] {"timestamp":"2025-11-25T15:30:27.623Z","ip":"::1","method":"GET","url":"/api/users","status":304,"size":0,"duration":"2ms","body":{}}
[INFO] {"timestamp":"2025-11-25T15:30:29.258Z","ip":"::1","method":"GET","url":"/api/users","status":304,"size":0,"duration":"0ms","body":{}}
[INFO] {"timestamp":"2025-11-25T15:30:32.427Z","ip":"::1","method":"GET","url":"/api/users/7","status":200,"size":"131","duration":"2ms","body":{}}
[INFO] {"timestamp":"2025-11-25T15:30:34.843Z","ip":"::1","method":"GET","url":"/api/users","status":304,"size":0,"duration":"1ms","body":{}}
[INFO] {"timestamp":"2025-11-25T15:30:46.196Z","ip":"::1","method":"GET","url":"/api/users","status":304,"size":0,"duration":"1ms","body":{}}
[INFO] {"timestamp":"2025-11-25T15:37:22.443Z","ip":"::1","method":"GET","url":"/api/users","status":304,"size":0,"duration":"10ms","body":{}}
[INFO] {"timestamp":"2025-11-25T15:37:55.037Z","ip":"::1","method":"POST","url":"/api/auth/register","status":201,"size":"335","duration":"91ms","body":{"name":"Solo Coderrsrths","email":"parth11.patidarsdrgsers@GMAIL.COM","password":"reserhseahg"}}
[INFO] {"timestamp":"2025-11-25T15:37:55.064Z","ip":"::1","method":"GET","url":"/api/users","status":200,"size":"908","duration":"1ms","body":{}}
[INFO] {"timestamp":"2025-11-25T16:03:38.756Z","ip":"::1","method":"GET","url":"/api/users","status":304,"size":0,"duration":"5ms","body":{}}
[INFO] {"timestamp":"2025-11-25T16:03:40.591Z","ip":"::1","method":"GET","url":"/api/users","status":304,"size":0,"duration":"1ms","body":{}}
[INFO] {"timestamp":"2025-11-25T16:03:55.596Z","ip":"::1","method":"GET","url":"/api/users","status":304,"size":0,"duration":"1ms","body":{}}
[INFO] {"timestamp":"2025-11-25T16:03:57.591Z","ip":"::1","method":"GET","url":"/api/users","status":304,"size":0,"duration":"1ms","body":{}}
[INFO] {"timestamp":"2025-11-25T16:04:10.585Z","ip":"::1","method":"GET","url":"/api/users","status":304,"size":0,"duration":"1ms","body":{}}
[INFO] {"timestamp":"2025-11-25T16:04:11.652Z","ip":"::1","method":"GET","url":"/api/users","status":304,"size":0,"duration":"1ms","body":{}}
[INFO] {"timestamp":"2025-11-25T16:15:17.598Z","ip":"::1","method":"GET","url":"/api/users","status":304,"size":0,"duration":"1ms","body":{}}
[INFO] {"timestamp":"2025-11-25T16:15:18.584Z","ip":"::1","method":"GET","url":"/api/users","status":304,"size":0,"duration":"1ms","body":{}}
[INFO] {"timestamp":"2025-11-25T16:44:05.598Z","ip":"::1","method":"GET","url":"/api/users","status":304,"size":0,"duration":"2ms","body":{}}
[INFO] {"timestamp":"2025-11-25T16:44:06.893Z","ip":"::1","method":"GET","url":"/api/users","status":304,"size":0,"duration":"1ms","body":{}}
[INFO] {"timestamp":"2025-11-25T16:55:03.734Z","ip":"::1","method":"POST","url":"/api/auth/register","status":201,"size":"313","duration":"104ms","body":{"name":"Solo Coder","email":"alice.johnson@example.com","password":"ghdfthnfgxf"}}
[INFO] {"timestamp":"2025-11-25T16:55:03.841Z","ip":"::1","method":"GET","url":"/api/users","status":200,"size":"1048","duration":"1ms","body":{}}
[INFO] {"timestamp":"2025-11-25T17:00:02.259Z","ip":"::1","method":"GET","url":"/api/users","status":304,"size":0,"duration":"3ms","body":{}}
[INFO] {"timestamp":"2025-11-25T17:00:24.459Z","ip":"::1","method":"POST","url":"/api/auth/register","status":201,"size":"321","duration":"94ms","body":{"name":"ghxfjjxgj","email":"johcjghjgjchkdgn.doe@mple.com","password":"hkchchkch"}}
[INFO] {"timestamp":"2025-11-25T17:00:24.573Z","ip":"::1","method":"GET","url":"/api/users","status":200,"size":"1191","duration":"1ms","body":{}}
[INFO] {"timestamp":"2025-11-25T17:00:57.935Z","ip":"::1","method":"GET","url":"/users","status":200,"size":"9407","duration":"9ms","body":{}}
[INFO] {"timestamp":"2025-11-25T17:01:04.817Z","ip":"::1","method":"GET","url":"/users","status":304,"size":0,"duration":"3ms","body":{}}
[INFO] {"timestamp":"2025-11-25T17:01:45.887Z","ip":"::1","method":"GET","url":"/api/users","status":304,"size":0,"duration":"4ms","body":{}}
[INFO] {"timestamp":"2025-11-25T17:03:02.352Z","ip":"::1","method":"POST","url":"/api/auth/register","status":201,"size":"323","duration":"92ms","body":{"name":"Solo Codercxvzvcxzx ","email":"parth11.patidar@GMAIL.COM","password":"123"}}
[INFO] {"timestamp":"2025-11-25T17:03:02.486Z","ip":"::1","method":"GET","url":"/api/users","status":200,"size":"1341","duration":"1ms","body":{}}
[INFO] {"timestamp":"2025-11-25T17:06:16.051Z","ip":"::1","method":"GET","url":"/api/users","status":304,"size":0,"duration":"8ms","body":{}}
[INFO] {"timestamp":"2025-11-25T17:06:22.969Z","ip":"::1","method":"GET","url":"/api/users","status":304,"size":0,"duration":"2ms","body":{}}
[INFO] {"timestamp":"2025-11-25T17:07:45.324Z","ip":"::1","method":"GET","url":"/api/users","status":304,"size":0,"duration":"8ms","body":{}}
[INFO] User Login Success: parth11.patidar@GMAIL.COM (ID: 12)
[INFO] {"timestamp":"2025-11-25T17:08:03.905Z","ip":"::1","method":"POST","url":"/api/auth/login","status":200,"size":"311","duration":"99ms","body":{"email":"parth11.patidar@GMAIL.COM","password":"123"}}
[INFO] {"timestamp":"2025-11-25T17:08:04.042Z","ip":"::1","method":"GET","url":"/api/users","status":304,"size":0,"duration":"6ms","body":{}}
[INFO] User Login Success: parth11.patidar@GMAIL.COM (ID: 12)
[INFO] {"timestamp":"2025-11-26T04:50:14.766Z","ip":"::1","method":"POST","url":"/api/auth/login","status":200,"size":"311","duration":"225ms","body":{"email":"parth11.patidar@GMAIL.COM","password":"123"}}
[INFO] {"timestamp":"2025-11-26T04:50:14.808Z","ip":"::1","method":"GET","url":"/api/users","status":200,"size":"1341","duration":"5ms","body":{}}
[INFO] {"timestamp":"2025-11-26T04:50:21.404Z","ip":"::1","method":"GET","url":"/api/users/11","status":200,"size":"142","duration":"8ms","body":{}}
[INFO] {"timestamp":"2025-11-26T04:50:22.853Z","ip":"::1","method":"GET","url":"/api/users/11","status":304,"size":0,"duration":"5ms","body":{}}
[INFO] {"timestamp":"2025-11-26T04:50:24.393Z","ip":"::1","method":"DELETE","url":"/api/users/11","status":200,"size":"39","duration":"8ms","body":{}}
[INFO] {"timestamp":"2025-11-26T04:50:24.428Z","ip":"::1","method":"GET","url":"/api/users","status":200,"size":"1198","duration":"7ms","body":{}}
[INFO] {"timestamp":"2025-11-26T04:50:29.672Z","ip":"::1","method":"GET","url":"/api/users/5","status":200,"size":"74","duration":"16ms","body":{}}
[INFO] {"timestamp":"2025-11-26T04:50:30.807Z","ip":"::1","method":"GET","url":"/api/users/5","status":304,"size":0,"duration":"8ms","body":{}}
[INFO] {"timestamp":"2025-11-26T04:50:33.091Z","ip":"::1","method":"DELETE","url":"/api/users/5","status":200,"size":"39","duration":"12ms","body":{}}
[INFO] {"timestamp":"2025-11-26T04:50:33.128Z","ip":"::1","method":"GET","url":"/api/users","status":200,"size":"1122","duration":"6ms","body":{}}
[INFO] {"timestamp":"2025-11-26T04:50:33.327Z","ip":"::1","method":"GET","url":"/api/users/5","status":200,"size":"125","duration":"7ms","body":{}}
[INFO] {"timestamp":"2025-11-26T04:50:35.339Z","ip":"::1","method":"GET","url":"/api/users","status":304,"size":0,"duration":"17ms","body":{}}
[INFO] {"timestamp":"2025-11-26T04:50:40.498Z","ip":"::1","method":"GET","url":"/api/users/8","status":200,"size":"152","duration":"8ms","body":{}}
[INFO] {"timestamp":"2025-11-26T04:50:43.010Z","ip":"::1","method":"GET","url":"/api/users","status":304,"size":0,"duration":"12ms","body":{}}
[INFO] {"timestamp":"2025-11-26T04:50:45.793Z","ip":"::1","method":"GET","url":"/api/users/9","status":200,"size":"138","duration":"6ms","body":{}}
[INFO] {"timestamp":"2025-11-26T04:50:47.282Z","ip":"::1","method":"GET","url":"/api/users/9","status":304,"size":0,"duration":"4ms","body":{}}
[INFO] {"timestamp":"2025-11-26T04:50:48.694Z","ip":"::1","method":"GET","url":"/api/users/9","status":304,"size":0,"duration":"5ms","body":{}}
[INFO] {"timestamp":"2025-11-26T04:50:50.035Z","ip":"::1","method":"GET","url":"/api/users","status":304,"size":0,"duration":"9ms","body":{}}
[INFO] {"timestamp":"2025-11-26T04:50:51.403Z","ip":"::1","method":"GET","url":"/api/users/7","status":200,"size":"141","duration":"6ms","body":{}}
[INFO] {"timestamp":"2025-11-26T04:50:52.486Z","ip":"::1","method":"GET","url":"/api/users/7","status":304,"size":0,"duration":"6ms","body":{}}
[INFO] {"timestamp":"2025-11-26T04:50:53.695Z","ip":"::1","method":"DELETE","url":"/api/users/7","status":200,"size":"39","duration":"8ms","body":{}}
[INFO] {"timestamp":"2025-11-26T04:50:53.729Z","ip":"::1","method":"GET","url":"/api/users","status":200,"size":"979","duration":"5ms","body":{}}
[INFO] {"timestamp":"2025-11-26T05:24:45.895Z","ip":"::1","method":"GET","url":"/api/users","status":304,"size":0,"duration":"90ms","body":{}}
[INFO] {"timestamp":"2025-11-26T05:35:27.384Z","ip":"::1","method":"GET","url":"/api/users","status":304,"size":0,"duration":"22ms","body":{}}
[INFO] {"timestamp":"2025-11-26T05:35:31.684Z","ip":"::1","method":"GET","url":"/api/users/8","status":200,"size":"138","duration":"6ms","body":{}}
[INFO] {"timestamp":"2025-11-26T05:35:33.058Z","ip":"::1","method":"GET","url":"/api/users","status":304,"size":0,"duration":"4ms","body":{}}
