[ERROR] {"timestamp":"2025-11-25T11:25:32.028Z","ip":"::1","method":"GET","url":"/api/users/65565","status":404,"size":"28","duration":"8ms","body":{}}
[ERROR] {"timestamp":"2025-11-25T12:43:56.985Z","ip":"::1","method":"GET","url":"/api/users/65565","status":404,"size":"28","duration":"1ms","body":{}}
[ERROR] {"timestamp":"2025-11-25T12:52:54.563Z","ip":"::1","method":"GET","url":"/api/users/5456464","status":404,"size":"28","duration":"19ms","body":{}}
[ERROR] {"timestamp":"2025-11-25T12:53:01.000Z","ip":"::1","method":"GET","url":"/api/users/5456464","status":404,"size":"28","duration":"0ms","body":{}}
[ERROR] {"timestamp":"2025-11-25T12:53:05.147Z","ip":"::1","method":"GET","url":"/api/users/5456464","status":404,"size":"28","duration":"1ms","body":{}}
[ERROR] {"timestamp":"2025-11-25T12:53:07.587Z","ip":"::1","method":"GET","url":"/api/users/5456464","status":404,"size":"28","duration":"1ms","body":{}}
[ERROR] {"timestamp":"2025-11-25T13:57:59.681Z","ip":"::1","method":"POST","url":"/api/auth/register","status":400,"size":"33","duration":"3ms","body":{"name":"Parth","email":"john.doe@mple.com","password":"12345"}}
[ERROR] {"timestamp":"2025-11-25T13:58:13.832Z","ip":"::1","method":"POST","url":"/api/auth/login","status":400,"size":"60","duration":"2ms","body":{"email":"john.doe@example.com","password":"12345"}}
[ERROR] {"timestamp":"2025-11-25T13:58:22.126Z","ip":"::1","method":"POST","url":"/api/auth/login","status":400,"size":"60","duration":"2ms","body":{"email":"john.doe@example.com","password":"12345"}}
[ERROR] {"timestamp":"2025-11-25T14:00:43.907Z","ip":"::1","method":"POST","url":"/api/auth/register","status":400,"size":"33","duration":"1ms","body":{"name":"Solo Coder","email":"u1892911@gmail.com","password":"123"}}
[ERROR] {"timestamp":"2025-11-25T14:00:49.674Z","ip":"::1","method":"POST","url":"/api/auth/register","status":400,"size":"33","duration":"1ms","body":{"name":"Solo Coderr","email":"u1892911@gmail.com","password":"123"}}
[ERROR] {"timestamp":"2025-11-25T17:00:57.939Z","ip":"::1","method":"GET","url":"/.well-known/appspecific/com.chrome.devtools.json","status":404,"size":187,"duration":"2ms","body":{}}
[ERROR] {"timestamp":"2025-11-25T17:01:04.924Z","ip":"::1","method":"GET","url":"/.well-known/appspecific/com.chrome.devtools.json","status":404,"size":187,"duration":"2ms","body":{}}
[ERROR] {"timestamp":"2025-11-25T17:02:47.677Z","ip":"::1","method":"POST","url":"/api/auth/register","status":400,"size":"33","duration":"1ms","body":{"name":"Solo Coder","email":"parth11.patidar@gmail.com","password":"123"}}
[ERROR] {"timestamp":"2025-11-25T17:02:53.194Z","ip":"::1","method":"POST","url":"/api/auth/register","status":400,"size":"33","duration":"1ms","body":{"name":"Solo Codercxvzvcxzx ","email":"parth11.patidar@gmail.com","password":"123"}}
[ERROR] {"timestamp":"2025-11-25T17:08:42.830Z","ip":"::1","method":"GET","url":"/api/users","status":403,"size":"27","duration":"1ms","body":{}}
[ERROR] Authentication Error: jwt expired
[ERROR] {"timestamp":"2025-11-25T17:11:43.461Z","ip":"::1","method":"GET","url":"/api/users","status":403,"size":"27","duration":"7ms","body":{}}
[ERROR] Authentication Error: invalid signature
[ERROR] {"timestamp":"2025-11-26T04:49:55.404Z","ip":"::1","method":"GET","url":"/api/users","status":403,"size":"27","duration":"32ms","body":{}}
[ERROR] {"timestamp":"2025-11-26T04:49:59.967Z","ip":"::1","method":"GET","url":"/api/users","status":401,"size":"46","duration":"2ms","body":{}}
[ERROR] Authentication Error: jwt expired
[ERROR] {"timestamp":"2025-11-26T05:52:22.505Z","ip":"::1","method":"GET","url":"/api/users","status":403,"size":"27","duration":"26ms","body":{}}
[ERROR] Authentication Error: jwt expired
[ERROR] {"timestamp":"2025-11-26T05:56:23.346Z","ip":"::1","method":"GET","url":"/api/users","status":403,"size":"27","duration":"30ms","body":{}}
[ERROR] Authentication Error: jwt expired
[ERROR] {"timestamp":"2025-11-26T05:56:39.987Z","ip":"::1","method":"GET","url":"/api/users/1","status":403,"size":"27","duration":"4ms","body":{}}
[ERROR] Authentication Error: jwt expired
[ERROR] {"timestamp":"2025-11-26T08:22:46.010Z","ip":"::1","method":"GET","url":"/api/users/2","status":403,"size":"27","duration":"174ms","body":{}}
[ERROR] {"timestamp":"2025-11-26T09:01:43.684Z","ip":"::1","method":"GET","url":"/api/users/2","status":401,"size":"46","duration":"19ms","body":{}}
[ERROR] {"timestamp":"2025-11-26T13:30:33.597Z","ip":"::1","method":"GET","url":"/api/users/2","status":401,"size":"46","duration":"1ms","body":{}}
[ERROR] {"timestamp":"2025-11-26T14:28:03.805Z","ip":"::1","method":"GET","url":"/api/users/2","status":401,"size":"46","duration":"16ms","body":{}}
[ERROR] {"timestamp":"2025-11-26T14:34:49.774Z","ip":"::1","method":"GET","url":"/api/users","status":401,"size":"46","duration":"3ms","body":{}}
[ERROR] {"timestamp":"2025-11-26T14:35:01.737Z","ip":"::1","method":"GET","url":"/api/users","status":401,"size":"46","duration":"5ms","body":{}}
[ERROR] {"timestamp":"2025-11-26T14:39:04.645Z","ip":"::1","method":"GET","url":"/api/users","status":401,"size":"46","duration":"2ms","body":{}}
[ERROR] {"timestamp":"2025-11-26T16:29:38.051Z","ip":"::1","method":"GET","url":"/.well-known/appspecific/com.chrome.devtools.json","status":404,"size":187,"duration":"4ms","body":{}}
[ERROR] {"timestamp":"2025-11-26T16:29:59.412Z","ip":"::1","method":"GET","url":"/.well-known/appspecific/com.chrome.devtools.json","status":404,"size":187,"duration":"2ms","body":{}}
[ERROR] {"timestamp":"2025-11-26T16:30:11.746Z","ip":"::1","method":"POST","url":"/login","status":500,"size":1214,"duration":"3ms","body":{"email":"parth11.patidar@GMAIL.COM","password":"123"}}
[ERROR] {"timestamp":"2025-11-26T16:32:51.935Z","ip":"::1","method":"POST","url":"/login","status":500,"size":"1144","duration":"14ms","body":{"email":"parth11.patidar@GMAIL.COM","password":"123"}}
[ERROR] {"timestamp":"2025-11-26T16:32:52.173Z","ip":"::1","method":"GET","url":"/.well-known/appspecific/com.chrome.devtools.json","status":404,"size":"325","duration":"3ms","body":{}}
[ERROR] {"timestamp":"2025-11-26T16:32:54.102Z","ip":"::1","method":"GET","url":"/.well-known/appspecific/com.chrome.devtools.json","status":404,"size":"325","duration":"3ms","body":{}}
[ERROR] {"timestamp":"2025-11-26T16:33:02.098Z","ip":"::1","method":"GET","url":"/.well-known/appspecific/com.chrome.devtools.json","status":404,"size":"325","duration":"1ms","body":{}}
[ERROR] {"timestamp":"2025-11-26T16:34:22.143Z","ip":"::1","method":"POST","url":"/login","status":500,"size":"1144","duration":"4ms","body":{"email":"parth11.patidar@GMAIL.COM","password":"123"}}
[ERROR] {"timestamp":"2025-11-26T16:34:22.370Z","ip":"::1","method":"GET","url":"/.well-known/appspecific/com.chrome.devtools.json","status":404,"size":"325","duration":"3ms","body":{}}
[ERROR] {"timestamp":"2025-11-26T16:36:18.120Z","ip":"::1","method":"GET","url":"/.well-known/appspecific/com.chrome.devtools.json","status":404,"size":"325","duration":"9ms","body":{}}
[ERROR] {"timestamp":"2025-11-26T16:36:23.838Z","ip":"::1","method":"GET","url":"/.well-known/appspecific/com.chrome.devtools.json","status":404,"size":"325","duration":"2ms","body":{}}
[ERROR] {"timestamp":"2025-11-26T16:36:33.896Z","ip":"::1","method":"GET","url":"/.well-known/appspecific/com.chrome.devtools.json","status":404,"size":"325","duration":"2ms","body":{}}
[ERROR] {"timestamp":"2025-11-26T16:41:57.016Z","ip":"::1","method":"GET","url":"/.well-known/appspecific/com.chrome.devtools.json","status":404,"size":"325","duration":"8ms","body":{}}
[ERROR] {"timestamp":"2025-11-26T16:42:28.145Z","ip":"::1","method":"GET","url":"/.well-known/appspecific/com.chrome.devtools.json","status":404,"size":"325","duration":"3ms","body":{}}
[ERROR] {"timestamp":"2025-11-26T16:42:31.734Z","ip":"::1","method":"GET","url":"/.well-known/appspecific/com.chrome.devtools.json","status":404,"size":"325","duration":"1ms","body":{}}
[ERROR] {"timestamp":"2025-11-26T16:43:55.596Z","ip":"::1","method":"GET","url":"/.well-known/appspecific/com.chrome.devtools.json","status":404,"size":"325","duration":"3ms","body":{}}
[ERROR] {"timestamp":"2025-11-26T16:44:03.409Z","ip":"::1","method":"GET","url":"/.well-known/appspecific/com.chrome.devtools.json","status":404,"size":"325","duration":"2ms","body":{}}
[ERROR] {"timestamp":"2025-11-26T16:44:17.344Z","ip":"::1","method":"GET","url":"/.well-known/appspecific/com.chrome.devtools.json","status":404,"size":"325","duration":"6ms","body":{}}
[ERROR] {"timestamp":"2025-11-26T16:44:26.904Z","ip":"::1","method":"GET","url":"/.well-known/appspecific/com.chrome.devtools.json","status":404,"size":"325","duration":"2ms","body":{}}
[ERROR] {"timestamp":"2025-11-26T16:44:32.480Z","ip":"::1","method":"GET","url":"/.well-known/appspecific/com.chrome.devtools.json","status":404,"size":"325","duration":"3ms","body":{}}
[ERROR] {"timestamp":"2025-11-26T16:46:34.343Z","ip":"::1","method":"GET","url":"/.well-known/appspecific/com.chrome.devtools.json","status":404,"size":"325","duration":"3ms","body":{}}
[ERROR] {"timestamp":"2025-11-26T16:46:36.943Z","ip":"::1","method":"GET","url":"/.well-known/appspecific/com.chrome.devtools.json","status":404,"size":"325","duration":"3ms","body":{}}
[ERROR] {"timestamp":"2025-11-26T16:47:08.869Z","ip":"::1","method":"GET","url":"/.well-known/appspecific/com.chrome.devtools.json","status":404,"size":"325","duration":"1ms","body":{}}
[ERROR] {"timestamp":"2025-11-26T16:47:42.871Z","ip":"::1","method":"GET","url":"/.well-known/appspecific/com.chrome.devtools.json","status":404,"size":"325","duration":"2ms","body":{}}
[ERROR] {"timestamp":"2025-11-26T16:47:48.664Z","ip":"::1","method":"GET","url":"/register","status":404,"size":"325","duration":"1ms","body":{}}
[ERROR] {"timestamp":"2025-11-26T16:47:48.706Z","ip":"::1","method":"GET","url":"/.well-known/appspecific/com.chrome.devtools.json","status":404,"size":"325","duration":"2ms","body":{}}
[ERROR] {"timestamp":"2025-11-26T16:47:50.302Z","ip":"::1","method":"GET","url":"/.well-known/appspecific/com.chrome.devtools.json","status":404,"size":"325","duration":"1ms","body":{}}
[ERROR] {"timestamp":"2025-11-26T16:47:50.325Z","ip":"::1","method":"GET","url":"/.well-known/appspecific/com.chrome.devtools.json","status":404,"size":"325","duration":"1ms","body":{}}
[ERROR] {"timestamp":"2025-11-26T16:49:45.600Z","ip":"::1","method":"POST","url":"/login","status":400,"size":"1452","duration":"10ms","body":{"email":"u1892911@gmail.com","password":"123"}}
[ERROR] {"timestamp":"2025-11-26T16:49:45.656Z","ip":"::1","method":"GET","url":"/.well-known/appspecific/com.chrome.devtools.json","status":404,"size":"325","duration":"3ms","body":{}}
[ERROR] {"timestamp":"2025-11-26T16:50:03.058Z","ip":"::1","method":"GET","url":"/.well-known/appspecific/com.chrome.devtools.json","status":404,"size":"325","duration":"2ms","body":{}}
[ERROR] {"timestamp":"2025-11-26T16:51:49.161Z","ip":"::1","method":"GET","url":"/home","status":500,"size":"1497","duration":"18ms","body":{}}
[ERROR] {"timestamp":"2025-11-26T16:51:49.219Z","ip":"::1","method":"GET","url":"/.well-known/appspecific/com.chrome.devtools.json","status":404,"size":"325","duration":"3ms","body":{}}
[ERROR] {"timestamp":"2025-11-26T16:51:51.038Z","ip":"::1","method":"GET","url":"/.well-known/appspecific/com.chrome.devtools.json","status":404,"size":"325","duration":"3ms","body":{}}
[ERROR] {"timestamp":"2025-11-26T16:51:55.947Z","ip":"::1","method":"GET","url":"/.well-known/appspecific/com.chrome.devtools.json","status":404,"size":"325","duration":"1ms","body":{}}
[ERROR] {"timestamp":"2025-11-26T16:52:19.023Z","ip":"::1","method":"POST","url":"/login","status":500,"size":"1144","duration":"107ms","body":{"email":"alice.johnson@example.com","password":"123"}}
[ERROR] {"timestamp":"2025-11-26T16:52:19.078Z","ip":"::1","method":"GET","url":"/.well-known/appspecific/com.chrome.devtools.json","status":404,"size":"325","duration":"5ms","body":{}}
[ERROR] {"timestamp":"2025-11-26T16:52:20.490Z","ip":"::1","method":"GET","url":"/.well-known/appspecific/com.chrome.devtools.json","status":404,"size":"325","duration":"2ms","body":{}}
[ERROR] {"timestamp":"2025-11-26T16:52:25.496Z","ip":"::1","method":"GET","url":"/.well-known/appspecific/com.chrome.devtools.json","status":404,"size":"325","duration":"2ms","body":{}}
[ERROR] {"timestamp":"2025-11-26T16:52:30.968Z","ip":"::1","method":"POST","url":"/login","status":500,"size":"1144","duration":"83ms","body":{"email":"alice.johnson@example.com","password":"123"}}
[ERROR] {"timestamp":"2025-11-26T16:52:31.021Z","ip":"::1","method":"GET","url":"/.well-known/appspecific/com.chrome.devtools.json","status":404,"size":"325","duration":"2ms","body":{}}
[ERROR] {"timestamp":"2025-11-26T16:53:57.158Z","ip":"::1","method":"GET","url":"/.well-known/appspecific/com.chrome.devtools.json","status":404,"size":"325","duration":"3ms","body":{}}
[ERROR] {"timestamp":"2025-11-26T16:54:06.168Z","ip":"::1","method":"GET","url":"/.well-known/appspecific/com.chrome.devtools.json","status":404,"size":"325","duration":"3ms","body":{}}
[ERROR] {"timestamp":"2025-11-26T16:54:27.230Z","ip":"::1","method":"GET","url":"/.well-known/appspecific/com.chrome.devtools.json","status":404,"size":"325","duration":"2ms","body":{}}
[ERROR] {"timestamp":"2025-11-26T16:54:29.415Z","ip":"::1","method":"GET","url":"/.well-known/appspecific/com.chrome.devtools.json","status":404,"size":"325","duration":"3ms","body":{}}
[ERROR] {"timestamp":"2025-11-26T16:56:27.573Z","ip":"::1","method":"GET","url":"/.well-known/appspecific/com.chrome.devtools.json","status":404,"size":"325","duration":"7ms","body":{}}
[ERROR] {"timestamp":"2025-11-26T17:00:17.154Z","ip":"::1","method":"GET","url":"/.well-known/appspecific/com.chrome.devtools.json","status":404,"size":"325","duration":"5ms","body":{}}
[ERROR] {"timestamp":"2025-11-26T17:00:35.919Z","ip":"::1","method":"GET","url":"/.well-known/appspecific/com.chrome.devtools.json","status":404,"size":"325","duration":"2ms","body":{}}
[ERROR] {"timestamp":"2025-11-26T17:00:42.575Z","ip":"::1","method":"GET","url":"/.well-known/appspecific/com.chrome.devtools.json","status":404,"size":"325","duration":"3ms","body":{}}
[ERROR] {"timestamp":"2025-11-26T17:01:10.590Z","ip":"::1","method":"GET","url":"/.well-known/appspecific/com.chrome.devtools.json","status":404,"size":"325","duration":"2ms","body":{}}
[ERROR] {"timestamp":"2025-11-26T17:01:33.559Z","ip":"::1","method":"GET","url":"/.well-known/appspecific/com.chrome.devtools.json","status":404,"size":"325","duration":"2ms","body":{}}
[ERROR] {"timestamp":"2025-11-26T17:01:38.662Z","ip":"::1","method":"GET","url":"/.well-known/appspecific/com.chrome.devtools.json","status":404,"size":"325","duration":"2ms","body":{}}
[ERROR] {"timestamp":"2025-11-26T17:01:42.366Z","ip":"::1","method":"GET","url":"/.well-known/appspecific/com.chrome.devtools.json","status":404,"size":"325","duration":"2ms","body":{}}
[ERROR] {"timestamp":"2025-11-26T17:01:46.704Z","ip":"::1","method":"GET","url":"/.well-known/appspecific/com.chrome.devtools.json","status":404,"size":"325","duration":"1ms","body":{}}
[ERROR] {"timestamp":"2025-11-26T17:03:39.431Z","ip":"::1","method":"GET","url":"/.well-known/appspecific/com.chrome.devtools.json","status":404,"size":"325","duration":"7ms","body":{}}
[ERROR] {"timestamp":"2025-11-26T17:13:29.074Z","ip":"::1","method":"GET","url":"/.well-known/appspecific/com.chrome.devtools.json","status":404,"size":"325","duration":"5ms","body":{}}
[ERROR] {"timestamp":"2025-11-26T17:13:49.737Z","ip":"::1","method":"GET","url":"/.well-known/appspecific/com.chrome.devtools.json","status":404,"size":"325","duration":"3ms","body":{}}
[ERROR] {"timestamp":"2025-11-26T17:13:49.763Z","ip":"::1","method":"GET","url":"/.well-known/appspecific/com.chrome.devtools.json","status":404,"size":"325","duration":"1ms","body":{}}
[ERROR] {"timestamp":"2025-11-26T17:14:08.445Z","ip":"::1","method":"GET","url":"/.well-known/appspecific/com.chrome.devtools.json","status":404,"size":"325","duration":"2ms","body":{}}
[ERROR] {"timestamp":"2025-11-26T17:14:19.430Z","ip":"::1","method":"GET","url":"/.well-known/appspecific/com.chrome.devtools.json","status":404,"size":"325","duration":"3ms","body":{}}
[ERROR] {"timestamp":"2025-11-26T17:14:28.852Z","ip":"::1","method":"GET","url":"/.well-known/appspecific/com.chrome.devtools.json","status":404,"size":"325","duration":"3ms","body":{}}
[ERROR] {"timestamp":"2025-11-26T17:14:35.263Z","ip":"::1","method":"GET","url":"/.well-known/appspecific/com.chrome.devtools.json","status":404,"size":"325","duration":"2ms","body":{}}
[ERROR] {"timestamp":"2025-11-26T17:14:53.168Z","ip":"::1","method":"GET","url":"/.well-known/appspecific/com.chrome.devtools.json","status":404,"size":"325","duration":"2ms","body":{}}
[ERROR] {"timestamp":"2025-11-26T17:15:57.311Z","ip":"::1","method":"GET","url":"/.well-known/appspecific/com.chrome.devtools.json","status":404,"size":"325","duration":"1ms","body":{}}
